<?xml version="1.0" encoding="UTF-8"?>
<!-- Generated by org.testng.reporters.JUnitXMLReporter -->
<testsuite ignored="0" hostname="Mi-Bebecito.local" failures="5" tests="9" name="Gradle test" time="42.258" errors="0" timestamp="2026-01-05T14:40:03 ICT">
  <testcase classname="testcases.accountpage.AccountPageTest" name="TC_Verify_Update_Profile_Failure_With_Invalid_Email_With_Spaces" time="0.758">
    <failure type="java.lang.AssertionError" message="BUG: Invalid email with spaces but no validation message is displayed expected [false] but found [true]">
      <![CDATA[java.lang.AssertionError: BUG: Invalid email with spaces but no validation message is displayed expected [false] but found [true]
at testcases.accountpage.AccountPageTest.TC_Verify_Update_Profile_Failure_With_Invalid_Email_With_Spaces(AccountPageTest.java:236)
at java.base/java.util.ArrayList.forEach(ArrayList.java:1596)
at jdk.proxy1/jdk.proxy1.$Proxy4.stop(Unknown Source)
... Removed 43 stack frames]]>
    </failure>
  </testcase> <!-- TC_Verify_Update_Profile_Failure_With_Invalid_Email_With_Spaces -->
  <testcase classname="testcases.accountpage.AccountPageTest" name="TC_Verify_Update_Profile_Failure_With_Invalid_Email_Without_Special_Character" time="0.695"/>
  <testcase classname="testcases.accountpage.AccountPageTest" name="TC_Verify_Update_Profile_Failure_With_Invalid_FullName" time="0.677"/>
  <testcase classname="testcases.accountpage.AccountPageTest" name="TC_Verify_Update_Profile_Failure_With_Invalid_Password_Having_Leading_Spaces" time="0.678">
    <failure type="java.lang.AssertionError" message="BUG: Invalid password with leading spaces but no validation message is displayed expected [false] but found [true]">
      <![CDATA[java.lang.AssertionError: BUG: Invalid password with leading spaces but no validation message is displayed expected [false] but found [true]
at testcases.accountpage.AccountPageTest.TC_Verify_Update_Profile_Failure_With_Invalid_Password_Having_Leading_Spaces(AccountPageTest.java:367)
at java.base/java.util.ArrayList.forEach(ArrayList.java:1596)
at jdk.proxy1/jdk.proxy1.$Proxy4.stop(Unknown Source)
... Removed 43 stack frames]]>
    </failure>
  </testcase> <!-- TC_Verify_Update_Profile_Failure_With_Invalid_Password_Having_Leading_Spaces -->
  <testcase classname="testcases.accountpage.AccountPageTest" name="TC_Verify_Update_Profile_Failure_With_Invalid_Password_Less_Than_6_Characters" time="0.682"/>
  <testcase classname="testcases.accountpage.AccountPageTest" name="TC_Verify_Update_Profile_Failure_With_Invalid_Phone_Less_Than_10_Digits" time="0.66">
    <failure type="java.lang.AssertionError" message="BUG: Invalid phone number (&amp;lt;10 digits) but no validation message is displayed expected [false] but found [true]">
      <![CDATA[java.lang.AssertionError: BUG: Invalid phone number (<10 digits) but no validation message is displayed expected [false] but found [true]
at testcases.accountpage.AccountPageTest.TC_Verify_Update_Profile_Failure_With_Invalid_Phone_Less_Than_10_Digits(AccountPageTest.java:286)
at java.base/java.util.ArrayList.forEach(ArrayList.java:1596)
at jdk.proxy1/jdk.proxy1.$Proxy4.stop(Unknown Source)
... Removed 43 stack frames]]>
    </failure>
  </testcase> <!-- TC_Verify_Update_Profile_Failure_With_Invalid_Phone_Less_Than_10_Digits -->
  <testcase classname="testcases.accountpage.AccountPageTest" name="TC_Verify_Update_Profile_Failure_With_Invalid_Phone_More_Than_10_Digits" time="0.66">
    <failure type="java.lang.AssertionError" message="BUG: Invalid phone number (&amp;gt;10 digits) but no validation message is displayed expected [false] but found [true]">
      <![CDATA[java.lang.AssertionError: BUG: Invalid phone number (>10 digits) but no validation message is displayed expected [false] but found [true]
at testcases.accountpage.AccountPageTest.TC_Verify_Update_Profile_Failure_With_Invalid_Phone_More_Than_10_Digits(AccountPageTest.java:319)
at java.base/java.util.ArrayList.forEach(ArrayList.java:1596)
at jdk.proxy1/jdk.proxy1.$Proxy4.stop(Unknown Source)
... Removed 43 stack frames]]>
    </failure>
  </testcase> <!-- TC_Verify_Update_Profile_Failure_With_Invalid_Phone_More_Than_10_Digits -->
  <testcase classname="testcases.accountpage.AccountPageTest" name="TC_Verify_Update_Profile_Failure_With_Invalid_Phone_With_Characters" time="0.631"/>
  <testcase classname="testcases.accountpage.AccountPageTest" name="TC_Verify_Update_Profile_Success_With_Valid_Data" time="12.51">
    <failure type="java.lang.AssertionError" message="BUG: Login failed after password update">
      <![CDATA[java.lang.AssertionError: BUG: Login failed after password update
at testcases.accountpage.AccountPageTest.TC_Verify_Update_Profile_Success_With_Valid_Data(AccountPageTest.java:161)
at java.base/java.util.ArrayList.forEach(ArrayList.java:1596)
at jdk.proxy1/jdk.proxy1.$Proxy4.stop(Unknown Source)
Caused by: org.openqa.selenium.TimeoutException: Expected condition failed: waiting for visibility of element located by By.id: swal2-title (tried for 10 second(s) with 500 milliseconds interval)
Build info: version: '4.35.0', revision: '1c58e5028b'
System info: os.name: 'Mac OS X', os.arch: 'aarch64', os.version: '15.7.2', java.version: '21.0.8'
Driver info: org.openqa.selenium.chrome.ChromeDriver
Capabilities {acceptInsecureCerts: false, browserName: chrome, browserVersion: 143.0.7499.170, chrome: {chromedriverVersion: 143.0.7499.169 (164b20aab62..., userDataDir: /var/folders/2x/c_66mg6d27s...}, fedcm:accounts: true, goog:chromeOptions: {debuggerAddress: localhost:57397}, goog:processID: 44954, networkConnectionEnabled: false, pageLoadStrategy: normal, platformName: mac, proxy: Proxy(), se:cdp: ws://localhost:57397/devtoo..., se:cdpVersion: 143.0.7499.170, setWindowRect: true, strictFileInteractability: false, timeouts: {implicit: 0, pageLoad: 300000, script: 30000}, unhandledPromptBehavior: dismiss and notify, webauthn:extension:credBlob: true, webauthn:extension:largeBlob: true, webauthn:extension:minPinLength: true, webauthn:extension:prf: true, webauthn:virtualAuthenticators: true}
Session ID: 00c3cb723dd8e7c7a3af1930cd00e0ed
at org.openqa.selenium.support.ui.WebDriverWait.timeoutException(WebDriverWait.java:84)
at org.openqa.selenium.support.ui.FluentWait.until(FluentWait.java:228)
at base.BasePage.waitForVisibilityOfElementLocated(BasePage.java:24)
at base.BasePage.getText(BasePage.java:71)
at base.BasePage.getText(BasePage.java:76)
at pages.LoginPage.getLoginMsg(LoginPage.java:43)
at testcases.accountpage.AccountPageTest.TC_Verify_Update_Profile_Success_With_Valid_Data(AccountPageTest.java:151)
... 42 more
... Removed 41 stack frames]]>
    </failure>
  </testcase> <!-- TC_Verify_Update_Profile_Success_With_Valid_Data -->
</testsuite> <!-- Gradle test -->
