<?xml version="1.0" encoding="UTF-8"?>
<!-- Generated by org.testng.reporters.JUnitReportReporter -->
<testsuite hostname="Mi-Bebecito.local" failures="0" tests="1" name="testcases.detailpage.MovieDetailBookingFlowTest" time="6.853" errors="0" timestamp="2026-01-05T14:34:23 ICT" skipped="0">
  <testcase classname="testcases.detailpage.MovieDetailBookingFlowTest" name="TC_Verify_Booking_Flow_From_Detail_To_Purchase" time="6.853"/>
</testsuite> <!-- testcases.detailpage.MovieDetailBookingFlowTest -->
