<?xml version="1.0" encoding="UTF-8"?>
<!-- Generated by org.testng.reporters.JUnitReportReporter -->
<testsuite hostname="Mi-Bebecito.local" failures="0" tests="8" name="testcases.homepage.HeaderNavigationTest" time="13.092" errors="0" timestamp="2026-01-05T14:31:43 ICT" skipped="0">
  <testcase classname="testcases.homepage.HeaderNavigationTest" name="TC_Verify_Logo_Redirects_Homepage" time="0.126"/>
  <testcase classname="testcases.homepage.HeaderNavigationTest" name="TC_Verify_MobileApp_Scroll" time="9.448"/>
  <testcase classname="testcases.homepage.HeaderNavigationTest" name="TC_Verify_Login_Redirect" time="0.082"/>
  <testcase classname="testcases.homepage.HeaderNavigationTest" name="TC_Verify_Logo_Displayed" time="0.051"/>
  <testcase classname="testcases.homepage.HeaderNavigationTest" name="TC_Verify_Cinemas_Scroll" time="0.098"/>
  <testcase classname="testcases.homepage.HeaderNavigationTest" name="TC_Verify_Register_Redirect" time="0.066"/>
  <testcase classname="testcases.homepage.HeaderNavigationTest" name="TC_Verify_News_Scroll" time="1.610"/>
  <testcase classname="testcases.homepage.HeaderNavigationTest" name="TC_Verify_Showtimes_Scroll" time="1.611"/>
</testsuite> <!-- testcases.homepage.HeaderNavigationTest -->
