<?xml version="1.0" encoding="UTF-8"?>
<!-- Generated by org.testng.reporters.JUnitReportReporter -->
<testsuite hostname="Mi-Bebecito.local" failures="0" tests="7" name="testcases.login.LoginTest" time="8.540" errors="0" timestamp="2026-01-05T14:21:52 ICT" skipped="0">
  <testcase classname="testcases.login.LoginTest" name="TC_Login_With_Blank_Fields" time="0.177"/>
  <testcase classname="testcases.login.LoginTest" name="TC_Login_Success" time="0.860"/>
  <testcase classname="testcases.login.LoginTest" name="TC_UsernameOnly_ShowsPasswordRequired" time="0.213"/>
  <testcase classname="testcases.login.LoginTest" name="TC_TogglePasswordVisibility" time="0.140"/>
  <testcase classname="testcases.login.LoginTest" name="TC_InvalidCredentials_ShowsError" time="0.760"/>
  <testcase classname="testcases.login.LoginTest" name="TC_PressEnterKey_LoginProceeds" time="5.007"/>
  <testcase classname="testcases.login.LoginTest" name="TC_RememberAccount_PersistsUsername_AfterReload" time="1.383"/>
</testsuite> <!-- testcases.login.LoginTest -->
