<?xml version="1.0" encoding="UTF-8"?>
<!-- Generated by org.testng.reporters.JUnitReportReporter -->
<testsuite hostname="Mi-Bebecito.local" failures="0" tests="4" name="testcases.homepage.HomeMovieListingsTest" time="11.863" errors="0" timestamp="2026-01-05T14:32:10 ICT" skipped="0">
  <testcase classname="testcases.homepage.HomeMovieListingsTest" name="TC_Verify_PlayButton_Opens_TrailerModal" time="2.313"/>
  <testcase classname="testcases.homepage.HomeMovieListingsTest" name="TC_Verify_BuyButton_Redirects_To_Detail" time="0.242"/>
  <testcase classname="testcases.homepage.HomeMovieListingsTest" name="TC_Verify_Hover_Shows_Action_Buttons" time="7.696"/>
  <testcase classname="testcases.homepage.HomeMovieListingsTest" name="TC_Verify_MovieListing_Displays" time="1.612"/>
</testsuite> <!-- testcases.homepage.HomeMovieListingsTest -->
