<?xml version="1.0" encoding="UTF-8"?>
<!-- Generated by org.testng.reporters.JUnitReportReporter -->
<testsuite hostname="Mi-Bebecito.local" failures="0" tests="8" name="testcases.homepage.HeaderNavigationTest" time="7.253" errors="0" timestamp="2026-01-03T19:24:41 ICT" skipped="0">
  <testcase classname="testcases.homepage.HeaderNavigationTest" name="TC_Verify_Logo_Displayed" time="0.055"/>
  <testcase classname="testcases.homepage.HeaderNavigationTest" name="TC_Verify_Login_Redirect" time="0.968"/>
  <testcase classname="testcases.homepage.HeaderNavigationTest" name="TC_Verify_Register_Redirect" time="0.066"/>
  <testcase classname="testcases.homepage.HeaderNavigationTest" name="TC_Verify_Cinemas_Scroll" time="1.145"/>
  <testcase classname="testcases.homepage.HeaderNavigationTest" name="TC_Verify_MobileApp_Scroll" time="1.624"/>
  <testcase classname="testcases.homepage.HeaderNavigationTest" name="TC_Verify_News_Scroll" time="1.649"/>
  <testcase classname="testcases.homepage.HeaderNavigationTest" name="TC_Verify_Showtimes_Scroll" time="1.634"/>
  <testcase classname="testcases.homepage.HeaderNavigationTest" name="TC_Verify_Logo_Redirects_Homepage" time="0.112"/>
</testsuite> <!-- testcases.homepage.HeaderNavigationTest -->
