<?xml version="1.0" encoding="UTF-8"?>
<!-- Generated by org.testng.reporters.JUnitReportReporter -->
<testsuite hostname="Mi-Bebecito.local" failures="0" tests="3" name="testcases.logout.LogoutTest" time="10.251" errors="0" timestamp="2026-01-05T14:31:01 ICT" skipped="0">
  <testcase classname="testcases.logout.LogoutTest" name="TC_Logout_Modal_Cancel_Should_Stay_Logged_In" time="8.891"/>
  <testcase classname="testcases.logout.LogoutTest" name="TC_Double_Click_Logout_Should_Show_Only_One_Modal" time="0.659"/>
  <testcase classname="testcases.logout.LogoutTest" name="TC_Check_Token_Cleared_After_Logout" time="0.701"/>
</testsuite> <!-- testcases.logout.LogoutTest -->
