<?xml version="1.0" encoding="UTF-8"?>
<!-- Generated by org.testng.reporters.JUnitReportReporter -->
<testsuite hostname="Mi-Bebecito.local" failures="0" tests="5" name="testcases.homepage.HomeMovieSearchTest" time="10.574" errors="0" timestamp="2026-01-05T14:32:33 ICT" skipped="0">
  <testcase classname="testcases.homepage.HomeMovieSearchTest" name="TC_Location_loads_successfully_based_on_movie" time="1.718"/>
  <testcase classname="testcases.homepage.HomeMovieSearchTest" name="TC_Clicking_CTA_redirects_to_booking_flow" time="1.465"/>
  <testcase classname="testcases.homepage.HomeMovieSearchTest" name="TC_Showtime_loads_successfully_based_on_movie_and_location" time="3.979"/>
  <testcase classname="testcases.homepage.HomeMovieSearchTest" name="TC_Verify_search_bar_visibility_on_homepage" time="1.627"/>
  <testcase classname="testcases.homepage.HomeMovieSearchTest" name="TC_Verify_movie_dropdown_lists_movies" time="1.785"/>
</testsuite> <!-- testcases.homepage.HomeMovieSearchTest -->
