<?xml version="1.0" encoding="UTF-8"?>
<testng-results ignored="0" total="9" passed="4" failed="5" skipped="0">
  <reporter-output>
  </reporter-output>
  <suite started-at="2026-01-05T14:39:21 ICT" name="Gradle suite" finished-at="2026-01-05T14:40:03 ICT" duration-ms="42258">
    <groups>
    </groups>
    <test started-at="2026-01-05T14:39:21 ICT" name="Gradle test" finished-at="2026-01-05T14:40:03 ICT" duration-ms="42258">
      <class name="testcases.accountpage.AccountPageTest">
        <test-method is-config="true" signature="beforeSuite()[pri:0, instance:testcases.accountpage.AccountPageTest@62fe6067]" started-at="2026-01-05T14:39:21 ICT" name="beforeSuite" finished-at="2026-01-05T14:39:21 ICT" duration-ms="65" status="PASS">
          <reporter-output>
          </reporter-output>
        </test-method> <!-- beforeSuite -->
        <test-method is-config="true" signature="beforeClass()[pri:0, instance:testcases.accountpage.AccountPageTest@62fe6067]" started-at="2026-01-05T14:39:21 ICT" name="beforeClass" finished-at="2026-01-05T14:39:22 ICT" duration-ms="1139" status="PASS">
          <reporter-output>
          </reporter-output>
        </test-method> <!-- beforeClass -->
        <test-method is-config="true" signature="setUpPages()[pri:0, instance:testcases.accountpage.AccountPageTest@62fe6067]" started-at="2026-01-05T14:39:22 ICT" name="setUpPages" finished-at="2026-01-05T14:39:22 ICT" duration-ms="2" status="PASS">
          <reporter-output>
          </reporter-output>
        </test-method> <!-- setUpPages -->
        <test-method is-config="true" signature="beforeMethod(org.testng.ITestResult)[pri:0, instance:testcases.accountpage.AccountPageTest@62fe6067]" started-at="2026-01-05T14:39:22 ICT" name="beforeMethod" finished-at="2026-01-05T14:39:24 ICT" duration-ms="1546" status="PASS">
          <params>
            <param index="0">
              <value>
                <![CDATA[[TestResult name={null} status=CREATED method=AccountPageTest.TC_Verify_Update_Profile_Failure_With_Invalid_Email_With_Spaces()[pri:0, instance:testcases.accountpage.AccountPageTest@62fe6067] output={null}]]]>
              </value>
            </param>
          </params>
          <reporter-output>
          </reporter-output>
        </test-method> <!-- beforeMethod -->
        <test-method is-config="true" signature="setLoginPage()[pri:0, instance:testcases.accountpage.AccountPageTest@62fe6067]" started-at="2026-01-05T14:39:24 ICT" name="setLoginPage" finished-at="2026-01-05T14:39:25 ICT" duration-ms="758" status="PASS">
          <reporter-output>
          </reporter-output>
        </test-method> <!-- setLoginPage -->
        <test-method signature="TC_Verify_Update_Profile_Failure_With_Invalid_Email_With_Spaces()[pri:0, instance:testcases.accountpage.AccountPageTest@62fe6067]" started-at="2026-01-05T14:39:25 ICT" name="TC_Verify_Update_Profile_Failure_With_Invalid_Email_With_Spaces" description="TC_Verify_Update_Profile_Failure_With_Invalid_Email_With_Spaces" finished-at="2026-01-05T14:39:25 ICT" duration-ms="758" status="FAIL">
          <exception class="java.lang.AssertionError">
            <message>
              <![CDATA[BUG: Invalid email with spaces but no validation message is displayed expected [false] but found [true]]]>
            </message>
            <full-stacktrace>
              <![CDATA[java.lang.AssertionError: BUG: Invalid email with spaces but no validation message is displayed expected [false] but found [true]
at org.testng.Assert.fail(Assert.java:111)
at org.testng.Assert.failNotEquals(Assert.java:1590)
at org.testng.Assert.assertFalse(Assert.java:79)
at testcases.accountpage.AccountPageTest.TC_Verify_Update_Profile_Failure_With_Invalid_Email_With_Spaces(AccountPageTest.java:236)
at java.base/jdk.internal.reflect.DirectMethodHandleAccessor.invoke(DirectMethodHandleAccessor.java:103)
at java.base/java.lang.reflect.Method.invoke(Method.java:580)
at org.testng.internal.invokers.MethodInvocationHelper.invokeMethod(MethodInvocationHelper.java:141)
at org.testng.internal.invokers.TestInvoker.invokeMethod(TestInvoker.java:687)
at org.testng.internal.invokers.TestInvoker.invokeTestMethod(TestInvoker.java:230)
at org.testng.internal.invokers.MethodRunner.runInSequence(MethodRunner.java:63)
at org.testng.internal.invokers.TestInvoker$MethodInvocationAgent.invoke(TestInvoker.java:995)
at org.testng.internal.invokers.TestInvoker.invokeTestMethods(TestInvoker.java:203)
at org.testng.internal.invokers.TestMethodWorker.invokeTestMethods(TestMethodWorker.java:154)
at org.testng.internal.invokers.TestMethodWorker.run(TestMethodWorker.java:134)
at java.base/java.util.ArrayList.forEach(ArrayList.java:1596)
at org.testng.TestRunner.privateRun(TestRunner.java:741)
at org.testng.TestRunner.run(TestRunner.java:616)
at org.testng.SuiteRunner.runTest(SuiteRunner.java:421)
at org.testng.SuiteRunner.runSequentially(SuiteRunner.java:413)
at org.testng.SuiteRunner.privateRun(SuiteRunner.java:373)
at org.testng.SuiteRunner.run(SuiteRunner.java:312)
at org.testng.SuiteRunnerWorker.runSuite(SuiteRunnerWorker.java:52)
at org.testng.SuiteRunnerWorker.run(SuiteRunnerWorker.java:95)
at org.testng.TestNG.runSuitesSequentially(TestNG.java:1274)
at org.testng.TestNG.runSuitesLocally(TestNG.java:1208)
at org.testng.TestNG.runSuites(TestNG.java:1112)
at org.testng.TestNG.run(TestNG.java:1079)
at org.gradle.api.internal.tasks.testing.testng.TestNGTestClassProcessor.runTests(TestNGTestClassProcessor.java:153)
at org.gradle.api.internal.tasks.testing.testng.TestNGTestClassProcessor.stop(TestNGTestClassProcessor.java:95)
at org.gradle.api.internal.tasks.testing.SuiteTestClassProcessor.stop(SuiteTestClassProcessor.java:63)
at java.base/jdk.internal.reflect.DirectMethodHandleAccessor.invoke(DirectMethodHandleAccessor.java:103)
at java.base/java.lang.reflect.Method.invoke(Method.java:580)
at org.gradle.internal.dispatch.ReflectionDispatch.dispatch(ReflectionDispatch.java:36)
at org.gradle.internal.dispatch.ReflectionDispatch.dispatch(ReflectionDispatch.java:24)
at org.gradle.internal.dispatch.ContextClassLoaderDispatch.dispatch(ContextClassLoaderDispatch.java:33)
at org.gradle.internal.dispatch.ProxyDispatchAdapter$DispatchingInvocationHandler.invoke(ProxyDispatchAdapter.java:92)
at jdk.proxy1/jdk.proxy1.$Proxy4.stop(Unknown Source)
at org.gradle.api.internal.tasks.testing.worker.TestWorker$3.run(TestWorker.java:200)
at org.gradle.api.internal.tasks.testing.worker.TestWorker.executeAndMaintainThreadName(TestWorker.java:132)
at org.gradle.api.internal.tasks.testing.worker.TestWorker.execute(TestWorker.java:103)
at org.gradle.api.internal.tasks.testing.worker.TestWorker.execute(TestWorker.java:63)
at org.gradle.process.internal.worker.child.ActionExecutionWorker.execute(ActionExecutionWorker.java:56)
at org.gradle.process.internal.worker.child.SystemApplicationClassLoaderWorker.call(SystemApplicationClassLoaderWorker.java:122)
at org.gradle.process.internal.worker.child.SystemApplicationClassLoaderWorker.call(SystemApplicationClassLoaderWorker.java:72)
at worker.org.gradle.process.internal.worker.GradleWorkerMain.run(GradleWorkerMain.java:69)
at worker.org.gradle.process.internal.worker.GradleWorkerMain.main(GradleWorkerMain.java:74)
]]>
            </full-stacktrace>
          </exception> <!-- java.lang.AssertionError -->
          <reporter-output>
          </reporter-output>
        </test-method> <!-- TC_Verify_Update_Profile_Failure_With_Invalid_Email_With_Spaces -->
        <test-method is-config="true" signature="tearDown()[pri:0, instance:testcases.accountpage.AccountPageTest@62fe6067]" started-at="2026-01-05T14:39:26 ICT" name="tearDown" finished-at="2026-01-05T14:39:26 ICT" duration-ms="139" status="PASS">
          <reporter-output>
          </reporter-output>
        </test-method> <!-- tearDown -->
        <test-method is-config="true" signature="afterMethod(org.testng.ITestResult)[pri:0, instance:testcases.accountpage.AccountPageTest@62fe6067]" started-at="2026-01-05T14:39:26 ICT" name="afterMethod" finished-at="2026-01-05T14:39:26 ICT" duration-ms="105" status="PASS">
          <params>
            <param index="0">
              <value>
                <![CDATA[[TestResult name=TC_Verify_Update_Profile_Failure_With_Invalid_Email_With_Spaces status=FAILURE method=AccountPageTest.TC_Verify_Update_Profile_Failure_With_Invalid_Email_With_Spaces()[pri:0, instance:testcases.accountpage.AccountPageTest@62fe6067] output={null}]]]>
              </value>
            </param>
          </params>
          <reporter-output>
          </reporter-output>
        </test-method> <!-- afterMethod -->
        <test-method is-config="true" signature="beforeMethod(org.testng.ITestResult)[pri:0, instance:testcases.accountpage.AccountPageTest@62fe6067]" started-at="2026-01-05T14:39:26 ICT" name="beforeMethod" finished-at="2026-01-05T14:39:26 ICT" duration-ms="25" status="PASS">
          <params>
            <param index="0">
              <value>
                <![CDATA[[TestResult name={null} status=CREATED method=AccountPageTest.TC_Verify_Update_Profile_Failure_With_Invalid_Email_Without_Special_Character()[pri:0, instance:testcases.accountpage.AccountPageTest@62fe6067] output={null}]]]>
              </value>
            </param>
          </params>
          <reporter-output>
          </reporter-output>
        </test-method> <!-- beforeMethod -->
        <test-method is-config="true" signature="setLoginPage()[pri:0, instance:testcases.accountpage.AccountPageTest@62fe6067]" started-at="2026-01-05T14:39:26 ICT" name="setLoginPage" finished-at="2026-01-05T14:39:27 ICT" duration-ms="652" status="PASS">
          <reporter-output>
          </reporter-output>
        </test-method> <!-- setLoginPage -->
        <test-method signature="TC_Verify_Update_Profile_Failure_With_Invalid_Email_Without_Special_Character()[pri:0, instance:testcases.accountpage.AccountPageTest@62fe6067]" started-at="2026-01-05T14:39:27 ICT" name="TC_Verify_Update_Profile_Failure_With_Invalid_Email_Without_Special_Character" description="TC_Verify_Update_Profile_Failure_With_Invalid_Email_Without_@" finished-at="2026-01-05T14:39:27 ICT" duration-ms="695" status="PASS">
          <reporter-output>
          </reporter-output>
        </test-method> <!-- TC_Verify_Update_Profile_Failure_With_Invalid_Email_Without_Special_Character -->
        <test-method is-config="true" signature="tearDown()[pri:0, instance:testcases.accountpage.AccountPageTest@62fe6067]" started-at="2026-01-05T14:39:27 ICT" name="tearDown" finished-at="2026-01-05T14:39:27 ICT" duration-ms="141" status="PASS">
          <reporter-output>
          </reporter-output>
        </test-method> <!-- tearDown -->
        <test-method is-config="true" signature="afterMethod(org.testng.ITestResult)[pri:0, instance:testcases.accountpage.AccountPageTest@62fe6067]" started-at="2026-01-05T14:39:27 ICT" name="afterMethod" finished-at="2026-01-05T14:39:27 ICT" duration-ms="0" status="PASS">
          <params>
            <param index="0">
              <value>
                <![CDATA[[TestResult name=TC_Verify_Update_Profile_Failure_With_Invalid_Email_Without_Special_Character status=SUCCESS method=AccountPageTest.TC_Verify_Update_Profile_Failure_With_Invalid_Email_Without_Special_Character()[pri:0, instance:testcases.accountpage.AccountPageTest@62fe6067] output={null}]]]>
              </value>
            </param>
          </params>
          <reporter-output>
          </reporter-output>
        </test-method> <!-- afterMethod -->
        <test-method is-config="true" signature="beforeMethod(org.testng.ITestResult)[pri:0, instance:testcases.accountpage.AccountPageTest@62fe6067]" started-at="2026-01-05T14:39:27 ICT" name="beforeMethod" finished-at="2026-01-05T14:39:27 ICT" duration-ms="28" status="PASS">
          <params>
            <param index="0">
              <value>
                <![CDATA[[TestResult name={null} status=CREATED method=AccountPageTest.TC_Verify_Update_Profile_Failure_With_Invalid_FullName()[pri:0, instance:testcases.accountpage.AccountPageTest@62fe6067] output={null}]]]>
              </value>
            </param>
          </params>
          <reporter-output>
          </reporter-output>
        </test-method> <!-- beforeMethod -->
        <test-method is-config="true" signature="setLoginPage()[pri:0, instance:testcases.accountpage.AccountPageTest@62fe6067]" started-at="2026-01-05T14:39:27 ICT" name="setLoginPage" finished-at="2026-01-05T14:39:28 ICT" duration-ms="651" status="PASS">
          <reporter-output>
          </reporter-output>
        </test-method> <!-- setLoginPage -->
        <test-method signature="TC_Verify_Update_Profile_Failure_With_Invalid_FullName()[pri:0, instance:testcases.accountpage.AccountPageTest@62fe6067]" started-at="2026-01-05T14:39:28 ICT" name="TC_Verify_Update_Profile_Failure_With_Invalid_FullName" description="TC_Verify_Update_Profile_Failure_With_Invalid_FullName" finished-at="2026-01-05T14:39:29 ICT" duration-ms="677" status="PASS">
          <reporter-output>
          </reporter-output>
        </test-method> <!-- TC_Verify_Update_Profile_Failure_With_Invalid_FullName -->
        <test-method is-config="true" signature="tearDown()[pri:0, instance:testcases.accountpage.AccountPageTest@62fe6067]" started-at="2026-01-05T14:39:29 ICT" name="tearDown" finished-at="2026-01-05T14:39:29 ICT" duration-ms="118" status="PASS">
          <reporter-output>
          </reporter-output>
        </test-method> <!-- tearDown -->
        <test-method is-config="true" signature="afterMethod(org.testng.ITestResult)[pri:0, instance:testcases.accountpage.AccountPageTest@62fe6067]" started-at="2026-01-05T14:39:29 ICT" name="afterMethod" finished-at="2026-01-05T14:39:29 ICT" duration-ms="1" status="PASS">
          <params>
            <param index="0">
              <value>
                <![CDATA[[TestResult name=TC_Verify_Update_Profile_Failure_With_Invalid_FullName status=SUCCESS method=AccountPageTest.TC_Verify_Update_Profile_Failure_With_Invalid_FullName()[pri:0, instance:testcases.accountpage.AccountPageTest@62fe6067] output={null}]]]>
              </value>
            </param>
          </params>
          <reporter-output>
          </reporter-output>
        </test-method> <!-- afterMethod -->
        <test-method is-config="true" signature="beforeMethod(org.testng.ITestResult)[pri:0, instance:testcases.accountpage.AccountPageTest@62fe6067]" started-at="2026-01-05T14:39:29 ICT" name="beforeMethod" finished-at="2026-01-05T14:39:29 ICT" duration-ms="36" status="PASS">
          <params>
            <param index="0">
              <value>
                <![CDATA[[TestResult name={null} status=CREATED method=AccountPageTest.TC_Verify_Update_Profile_Failure_With_Invalid_Password_Having_Leading_Spaces()[pri:0, instance:testcases.accountpage.AccountPageTest@62fe6067] output={null}]]]>
              </value>
            </param>
          </params>
          <reporter-output>
          </reporter-output>
        </test-method> <!-- beforeMethod -->
        <test-method is-config="true" signature="setLoginPage()[pri:0, instance:testcases.accountpage.AccountPageTest@62fe6067]" started-at="2026-01-05T14:39:29 ICT" name="setLoginPage" finished-at="2026-01-05T14:39:30 ICT" duration-ms="650" status="PASS">
          <reporter-output>
          </reporter-output>
        </test-method> <!-- setLoginPage -->
        <test-method signature="TC_Verify_Update_Profile_Failure_With_Invalid_Password_Having_Leading_Spaces()[pri:0, instance:testcases.accountpage.AccountPageTest@62fe6067]" started-at="2026-01-05T14:39:30 ICT" name="TC_Verify_Update_Profile_Failure_With_Invalid_Password_Having_Leading_Spaces" description="TC_Verify_Update_Profile_Failure_With_Invalid_Password_Having_Leading_Spaces" finished-at="2026-01-05T14:39:30 ICT" duration-ms="678" status="FAIL">
          <exception class="java.lang.AssertionError">
            <message>
              <![CDATA[BUG: Invalid password with leading spaces but no validation message is displayed expected [false] but found [true]]]>
            </message>
            <full-stacktrace>
              <![CDATA[java.lang.AssertionError: BUG: Invalid password with leading spaces but no validation message is displayed expected [false] but found [true]
at org.testng.Assert.fail(Assert.java:111)
at org.testng.Assert.failNotEquals(Assert.java:1590)
at org.testng.Assert.assertFalse(Assert.java:79)
at testcases.accountpage.AccountPageTest.TC_Verify_Update_Profile_Failure_With_Invalid_Password_Having_Leading_Spaces(AccountPageTest.java:367)
at java.base/jdk.internal.reflect.DirectMethodHandleAccessor.invoke(DirectMethodHandleAccessor.java:103)
at java.base/java.lang.reflect.Method.invoke(Method.java:580)
at org.testng.internal.invokers.MethodInvocationHelper.invokeMethod(MethodInvocationHelper.java:141)
at org.testng.internal.invokers.TestInvoker.invokeMethod(TestInvoker.java:687)
at org.testng.internal.invokers.TestInvoker.invokeTestMethod(TestInvoker.java:230)
at org.testng.internal.invokers.MethodRunner.runInSequence(MethodRunner.java:63)
at org.testng.internal.invokers.TestInvoker$MethodInvocationAgent.invoke(TestInvoker.java:995)
at org.testng.internal.invokers.TestInvoker.invokeTestMethods(TestInvoker.java:203)
at org.testng.internal.invokers.TestMethodWorker.invokeTestMethods(TestMethodWorker.java:154)
at org.testng.internal.invokers.TestMethodWorker.run(TestMethodWorker.java:134)
at java.base/java.util.ArrayList.forEach(ArrayList.java:1596)
at org.testng.TestRunner.privateRun(TestRunner.java:741)
at org.testng.TestRunner.run(TestRunner.java:616)
at org.testng.SuiteRunner.runTest(SuiteRunner.java:421)
at org.testng.SuiteRunner.runSequentially(SuiteRunner.java:413)
at org.testng.SuiteRunner.privateRun(SuiteRunner.java:373)
at org.testng.SuiteRunner.run(SuiteRunner.java:312)
at org.testng.SuiteRunnerWorker.runSuite(SuiteRunnerWorker.java:52)
at org.testng.SuiteRunnerWorker.run(SuiteRunnerWorker.java:95)
at org.testng.TestNG.runSuitesSequentially(TestNG.java:1274)
at org.testng.TestNG.runSuitesLocally(TestNG.java:1208)
at org.testng.TestNG.runSuites(TestNG.java:1112)
at org.testng.TestNG.run(TestNG.java:1079)
at org.gradle.api.internal.tasks.testing.testng.TestNGTestClassProcessor.runTests(TestNGTestClassProcessor.java:153)
at org.gradle.api.internal.tasks.testing.testng.TestNGTestClassProcessor.stop(TestNGTestClassProcessor.java:95)
at org.gradle.api.internal.tasks.testing.SuiteTestClassProcessor.stop(SuiteTestClassProcessor.java:63)
at java.base/jdk.internal.reflect.DirectMethodHandleAccessor.invoke(DirectMethodHandleAccessor.java:103)
at java.base/java.lang.reflect.Method.invoke(Method.java:580)
at org.gradle.internal.dispatch.ReflectionDispatch.dispatch(ReflectionDispatch.java:36)
at org.gradle.internal.dispatch.ReflectionDispatch.dispatch(ReflectionDispatch.java:24)
at org.gradle.internal.dispatch.ContextClassLoaderDispatch.dispatch(ContextClassLoaderDispatch.java:33)
at org.gradle.internal.dispatch.ProxyDispatchAdapter$DispatchingInvocationHandler.invoke(ProxyDispatchAdapter.java:92)
at jdk.proxy1/jdk.proxy1.$Proxy4.stop(Unknown Source)
at org.gradle.api.internal.tasks.testing.worker.TestWorker$3.run(TestWorker.java:200)
at org.gradle.api.internal.tasks.testing.worker.TestWorker.executeAndMaintainThreadName(TestWorker.java:132)
at org.gradle.api.internal.tasks.testing.worker.TestWorker.execute(TestWorker.java:103)
at org.gradle.api.internal.tasks.testing.worker.TestWorker.execute(TestWorker.java:63)
at org.gradle.process.internal.worker.child.ActionExecutionWorker.execute(ActionExecutionWorker.java:56)
at org.gradle.process.internal.worker.child.SystemApplicationClassLoaderWorker.call(SystemApplicationClassLoaderWorker.java:122)
at org.gradle.process.internal.worker.child.SystemApplicationClassLoaderWorker.call(SystemApplicationClassLoaderWorker.java:72)
at worker.org.gradle.process.internal.worker.GradleWorkerMain.run(GradleWorkerMain.java:69)
at worker.org.gradle.process.internal.worker.GradleWorkerMain.main(GradleWorkerMain.java:74)
]]>
            </full-stacktrace>
          </exception> <!-- java.lang.AssertionError -->
          <reporter-output>
          </reporter-output>
        </test-method> <!-- TC_Verify_Update_Profile_Failure_With_Invalid_Password_Having_Leading_Spaces -->
        <test-method is-config="true" signature="tearDown()[pri:0, instance:testcases.accountpage.AccountPageTest@62fe6067]" started-at="2026-01-05T14:39:31 ICT" name="tearDown" finished-at="2026-01-05T14:39:31 ICT" duration-ms="108" status="PASS">
          <reporter-output>
          </reporter-output>
        </test-method> <!-- tearDown -->
        <test-method is-config="true" signature="afterMethod(org.testng.ITestResult)[pri:0, instance:testcases.accountpage.AccountPageTest@62fe6067]" started-at="2026-01-05T14:39:31 ICT" name="afterMethod" finished-at="2026-01-05T14:39:31 ICT" duration-ms="89" status="PASS">
          <params>
            <param index="0">
              <value>
                <![CDATA[[TestResult name=TC_Verify_Update_Profile_Failure_With_Invalid_Password_Having_Leading_Spaces status=FAILURE method=AccountPageTest.TC_Verify_Update_Profile_Failure_With_Invalid_Password_Having_Leading_Spaces()[pri:0, instance:testcases.accountpage.AccountPageTest@62fe6067] output={null}]]]>
              </value>
            </param>
          </params>
          <reporter-output>
          </reporter-output>
        </test-method> <!-- afterMethod -->
        <test-method is-config="true" signature="beforeMethod(org.testng.ITestResult)[pri:0, instance:testcases.accountpage.AccountPageTest@62fe6067]" started-at="2026-01-05T14:39:31 ICT" name="beforeMethod" finished-at="2026-01-05T14:39:31 ICT" duration-ms="23" status="PASS">
          <params>
            <param index="0">
              <value>
                <![CDATA[[TestResult name={null} status=CREATED method=AccountPageTest.TC_Verify_Update_Profile_Failure_With_Invalid_Password_Less_Than_6_Characters()[pri:0, instance:testcases.accountpage.AccountPageTest@62fe6067] output={null}]]]>
              </value>
            </param>
          </params>
          <reporter-output>
          </reporter-output>
        </test-method> <!-- beforeMethod -->
        <test-method is-config="true" signature="setLoginPage()[pri:0, instance:testcases.accountpage.AccountPageTest@62fe6067]" started-at="2026-01-05T14:39:31 ICT" name="setLoginPage" finished-at="2026-01-05T14:39:31 ICT" duration-ms="644" status="PASS">
          <reporter-output>
          </reporter-output>
        </test-method> <!-- setLoginPage -->
        <test-method signature="TC_Verify_Update_Profile_Failure_With_Invalid_Password_Less_Than_6_Characters()[pri:0, instance:testcases.accountpage.AccountPageTest@62fe6067]" started-at="2026-01-05T14:39:31 ICT" name="TC_Verify_Update_Profile_Failure_With_Invalid_Password_Less_Than_6_Characters" description="TC_Verify_Update_Profile_Failure_With_Invalid_Password_Less_Than_6_Characters" finished-at="2026-01-05T14:39:32 ICT" duration-ms="682" status="PASS">
          <reporter-output>
          </reporter-output>
        </test-method> <!-- TC_Verify_Update_Profile_Failure_With_Invalid_Password_Less_Than_6_Characters -->
        <test-method is-config="true" signature="tearDown()[pri:0, instance:testcases.accountpage.AccountPageTest@62fe6067]" started-at="2026-01-05T14:39:32 ICT" name="tearDown" finished-at="2026-01-05T14:39:33 ICT" duration-ms="632" status="PASS">
          <reporter-output>
          </reporter-output>
        </test-method> <!-- tearDown -->
        <test-method is-config="true" signature="afterMethod(org.testng.ITestResult)[pri:0, instance:testcases.accountpage.AccountPageTest@62fe6067]" started-at="2026-01-05T14:39:33 ICT" name="afterMethod" finished-at="2026-01-05T14:39:33 ICT" duration-ms="1" status="PASS">
          <params>
            <param index="0">
              <value>
                <![CDATA[[TestResult name=TC_Verify_Update_Profile_Failure_With_Invalid_Password_Less_Than_6_Characters status=SUCCESS method=AccountPageTest.TC_Verify_Update_Profile_Failure_With_Invalid_Password_Less_Than_6_Characters()[pri:0, instance:testcases.accountpage.AccountPageTest@62fe6067] output={null}]]]>
              </value>
            </param>
          </params>
          <reporter-output>
          </reporter-output>
        </test-method> <!-- afterMethod -->
        <test-method is-config="true" signature="beforeMethod(org.testng.ITestResult)[pri:0, instance:testcases.accountpage.AccountPageTest@62fe6067]" started-at="2026-01-05T14:39:33 ICT" name="beforeMethod" finished-at="2026-01-05T14:39:33 ICT" duration-ms="39" status="PASS">
          <params>
            <param index="0">
              <value>
                <![CDATA[[TestResult name={null} status=CREATED method=AccountPageTest.TC_Verify_Update_Profile_Failure_With_Invalid_Phone_Less_Than_10_Digits()[pri:0, instance:testcases.accountpage.AccountPageTest@62fe6067] output={null}]]]>
              </value>
            </param>
          </params>
          <reporter-output>
          </reporter-output>
        </test-method> <!-- beforeMethod -->
        <test-method is-config="true" signature="setLoginPage()[pri:0, instance:testcases.accountpage.AccountPageTest@62fe6067]" started-at="2026-01-05T14:39:33 ICT" name="setLoginPage" finished-at="2026-01-05T14:39:33 ICT" duration-ms="694" status="PASS">
          <reporter-output>
          </reporter-output>
        </test-method> <!-- setLoginPage -->
        <test-method signature="TC_Verify_Update_Profile_Failure_With_Invalid_Phone_Less_Than_10_Digits()[pri:0, instance:testcases.accountpage.AccountPageTest@62fe6067]" started-at="2026-01-05T14:39:33 ICT" name="TC_Verify_Update_Profile_Failure_With_Invalid_Phone_Less_Than_10_Digits" description="TC_Verify_Update_Profile_Failure_With_Invalid_Phone_Less_Than_10_Digits" finished-at="2026-01-05T14:39:34 ICT" duration-ms="660" status="FAIL">
          <exception class="java.lang.AssertionError">
            <message>
              <![CDATA[BUG: Invalid phone number (<10 digits) but no validation message is displayed expected [false] but found [true]]]>
            </message>
            <full-stacktrace>
              <![CDATA[java.lang.AssertionError: BUG: Invalid phone number (<10 digits) but no validation message is displayed expected [false] but found [true]
at org.testng.Assert.fail(Assert.java:111)
at org.testng.Assert.failNotEquals(Assert.java:1590)
at org.testng.Assert.assertFalse(Assert.java:79)
at testcases.accountpage.AccountPageTest.TC_Verify_Update_Profile_Failure_With_Invalid_Phone_Less_Than_10_Digits(AccountPageTest.java:286)
at java.base/jdk.internal.reflect.DirectMethodHandleAccessor.invoke(DirectMethodHandleAccessor.java:103)
at java.base/java.lang.reflect.Method.invoke(Method.java:580)
at org.testng.internal.invokers.MethodInvocationHelper.invokeMethod(MethodInvocationHelper.java:141)
at org.testng.internal.invokers.TestInvoker.invokeMethod(TestInvoker.java:687)
at org.testng.internal.invokers.TestInvoker.invokeTestMethod(TestInvoker.java:230)
at org.testng.internal.invokers.MethodRunner.runInSequence(MethodRunner.java:63)
at org.testng.internal.invokers.TestInvoker$MethodInvocationAgent.invoke(TestInvoker.java:995)
at org.testng.internal.invokers.TestInvoker.invokeTestMethods(TestInvoker.java:203)
at org.testng.internal.invokers.TestMethodWorker.invokeTestMethods(TestMethodWorker.java:154)
at org.testng.internal.invokers.TestMethodWorker.run(TestMethodWorker.java:134)
at java.base/java.util.ArrayList.forEach(ArrayList.java:1596)
at org.testng.TestRunner.privateRun(TestRunner.java:741)
at org.testng.TestRunner.run(TestRunner.java:616)
at org.testng.SuiteRunner.runTest(SuiteRunner.java:421)
at org.testng.SuiteRunner.runSequentially(SuiteRunner.java:413)
at org.testng.SuiteRunner.privateRun(SuiteRunner.java:373)
at org.testng.SuiteRunner.run(SuiteRunner.java:312)
at org.testng.SuiteRunnerWorker.runSuite(SuiteRunnerWorker.java:52)
at org.testng.SuiteRunnerWorker.run(SuiteRunnerWorker.java:95)
at org.testng.TestNG.runSuitesSequentially(TestNG.java:1274)
at org.testng.TestNG.runSuitesLocally(TestNG.java:1208)
at org.testng.TestNG.runSuites(TestNG.java:1112)
at org.testng.TestNG.run(TestNG.java:1079)
at org.gradle.api.internal.tasks.testing.testng.TestNGTestClassProcessor.runTests(TestNGTestClassProcessor.java:153)
at org.gradle.api.internal.tasks.testing.testng.TestNGTestClassProcessor.stop(TestNGTestClassProcessor.java:95)
at org.gradle.api.internal.tasks.testing.SuiteTestClassProcessor.stop(SuiteTestClassProcessor.java:63)
at java.base/jdk.internal.reflect.DirectMethodHandleAccessor.invoke(DirectMethodHandleAccessor.java:103)
at java.base/java.lang.reflect.Method.invoke(Method.java:580)
at org.gradle.internal.dispatch.ReflectionDispatch.dispatch(ReflectionDispatch.java:36)
at org.gradle.internal.dispatch.ReflectionDispatch.dispatch(ReflectionDispatch.java:24)
at org.gradle.internal.dispatch.ContextClassLoaderDispatch.dispatch(ContextClassLoaderDispatch.java:33)
at org.gradle.internal.dispatch.ProxyDispatchAdapter$DispatchingInvocationHandler.invoke(ProxyDispatchAdapter.java:92)
at jdk.proxy1/jdk.proxy1.$Proxy4.stop(Unknown Source)
at org.gradle.api.internal.tasks.testing.worker.TestWorker$3.run(TestWorker.java:200)
at org.gradle.api.internal.tasks.testing.worker.TestWorker.executeAndMaintainThreadName(TestWorker.java:132)
at org.gradle.api.internal.tasks.testing.worker.TestWorker.execute(TestWorker.java:103)
at org.gradle.api.internal.tasks.testing.worker.TestWorker.execute(TestWorker.java:63)
at org.gradle.process.internal.worker.child.ActionExecutionWorker.execute(ActionExecutionWorker.java:56)
at org.gradle.process.internal.worker.child.SystemApplicationClassLoaderWorker.call(SystemApplicationClassLoaderWorker.java:122)
at org.gradle.process.internal.worker.child.SystemApplicationClassLoaderWorker.call(SystemApplicationClassLoaderWorker.java:72)
at worker.org.gradle.process.internal.worker.GradleWorkerMain.run(GradleWorkerMain.java:69)
at worker.org.gradle.process.internal.worker.GradleWorkerMain.main(GradleWorkerMain.java:74)
]]>
            </full-stacktrace>
          </exception> <!-- java.lang.AssertionError -->
          <reporter-output>
          </reporter-output>
        </test-method> <!-- TC_Verify_Update_Profile_Failure_With_Invalid_Phone_Less_Than_10_Digits -->
        <test-method is-config="true" signature="tearDown()[pri:0, instance:testcases.accountpage.AccountPageTest@62fe6067]" started-at="2026-01-05T14:39:34 ICT" name="tearDown" finished-at="2026-01-05T14:39:35 ICT" duration-ms="631" status="PASS">
          <reporter-output>
          </reporter-output>
        </test-method> <!-- tearDown -->
        <test-method is-config="true" signature="afterMethod(org.testng.ITestResult)[pri:0, instance:testcases.accountpage.AccountPageTest@62fe6067]" started-at="2026-01-05T14:39:35 ICT" name="afterMethod" finished-at="2026-01-05T14:39:35 ICT" duration-ms="82" status="PASS">
          <params>
            <param index="0">
              <value>
                <![CDATA[[TestResult name=TC_Verify_Update_Profile_Failure_With_Invalid_Phone_Less_Than_10_Digits status=FAILURE method=AccountPageTest.TC_Verify_Update_Profile_Failure_With_Invalid_Phone_Less_Than_10_Digits()[pri:0, instance:testcases.accountpage.AccountPageTest@62fe6067] output={null}]]]>
              </value>
            </param>
          </params>
          <reporter-output>
          </reporter-output>
        </test-method> <!-- afterMethod -->
        <test-method is-config="true" signature="beforeMethod(org.testng.ITestResult)[pri:0, instance:testcases.accountpage.AccountPageTest@62fe6067]" started-at="2026-01-05T14:39:35 ICT" name="beforeMethod" finished-at="2026-01-05T14:39:35 ICT" duration-ms="23" status="PASS">
          <params>
            <param index="0">
              <value>
                <![CDATA[[TestResult name={null} status=CREATED method=AccountPageTest.TC_Verify_Update_Profile_Failure_With_Invalid_Phone_More_Than_10_Digits()[pri:0, instance:testcases.accountpage.AccountPageTest@62fe6067] output={null}]]]>
              </value>
            </param>
          </params>
          <reporter-output>
          </reporter-output>
        </test-method> <!-- beforeMethod -->
        <test-method is-config="true" signature="setLoginPage()[pri:0, instance:testcases.accountpage.AccountPageTest@62fe6067]" started-at="2026-01-05T14:39:35 ICT" name="setLoginPage" finished-at="2026-01-05T14:39:36 ICT" duration-ms="654" status="PASS">
          <reporter-output>
          </reporter-output>
        </test-method> <!-- setLoginPage -->
        <test-method signature="TC_Verify_Update_Profile_Failure_With_Invalid_Phone_More_Than_10_Digits()[pri:0, instance:testcases.accountpage.AccountPageTest@62fe6067]" started-at="2026-01-05T14:39:36 ICT" name="TC_Verify_Update_Profile_Failure_With_Invalid_Phone_More_Than_10_Digits" description="TC_Verify_Update_Profile_Failure_With_Invalid_Phone_More_Than_10_Digits" finished-at="2026-01-05T14:39:36 ICT" duration-ms="660" status="FAIL">
          <exception class="java.lang.AssertionError">
            <message>
              <![CDATA[BUG: Invalid phone number (>10 digits) but no validation message is displayed expected [false] but found [true]]]>
            </message>
            <full-stacktrace>
              <![CDATA[java.lang.AssertionError: BUG: Invalid phone number (>10 digits) but no validation message is displayed expected [false] but found [true]
at org.testng.Assert.fail(Assert.java:111)
at org.testng.Assert.failNotEquals(Assert.java:1590)
at org.testng.Assert.assertFalse(Assert.java:79)
at testcases.accountpage.AccountPageTest.TC_Verify_Update_Profile_Failure_With_Invalid_Phone_More_Than_10_Digits(AccountPageTest.java:319)
at java.base/jdk.internal.reflect.DirectMethodHandleAccessor.invoke(DirectMethodHandleAccessor.java:103)
at java.base/java.lang.reflect.Method.invoke(Method.java:580)
at org.testng.internal.invokers.MethodInvocationHelper.invokeMethod(MethodInvocationHelper.java:141)
at org.testng.internal.invokers.TestInvoker.invokeMethod(TestInvoker.java:687)
at org.testng.internal.invokers.TestInvoker.invokeTestMethod(TestInvoker.java:230)
at org.testng.internal.invokers.MethodRunner.runInSequence(MethodRunner.java:63)
at org.testng.internal.invokers.TestInvoker$MethodInvocationAgent.invoke(TestInvoker.java:995)
at org.testng.internal.invokers.TestInvoker.invokeTestMethods(TestInvoker.java:203)
at org.testng.internal.invokers.TestMethodWorker.invokeTestMethods(TestMethodWorker.java:154)
at org.testng.internal.invokers.TestMethodWorker.run(TestMethodWorker.java:134)
at java.base/java.util.ArrayList.forEach(ArrayList.java:1596)
at org.testng.TestRunner.privateRun(TestRunner.java:741)
at org.testng.TestRunner.run(TestRunner.java:616)
at org.testng.SuiteRunner.runTest(SuiteRunner.java:421)
at org.testng.SuiteRunner.runSequentially(SuiteRunner.java:413)
at org.testng.SuiteRunner.privateRun(SuiteRunner.java:373)
at org.testng.SuiteRunner.run(SuiteRunner.java:312)
at org.testng.SuiteRunnerWorker.runSuite(SuiteRunnerWorker.java:52)
at org.testng.SuiteRunnerWorker.run(SuiteRunnerWorker.java:95)
at org.testng.TestNG.runSuitesSequentially(TestNG.java:1274)
at org.testng.TestNG.runSuitesLocally(TestNG.java:1208)
at org.testng.TestNG.runSuites(TestNG.java:1112)
at org.testng.TestNG.run(TestNG.java:1079)
at org.gradle.api.internal.tasks.testing.testng.TestNGTestClassProcessor.runTests(TestNGTestClassProcessor.java:153)
at org.gradle.api.internal.tasks.testing.testng.TestNGTestClassProcessor.stop(TestNGTestClassProcessor.java:95)
at org.gradle.api.internal.tasks.testing.SuiteTestClassProcessor.stop(SuiteTestClassProcessor.java:63)
at java.base/jdk.internal.reflect.DirectMethodHandleAccessor.invoke(DirectMethodHandleAccessor.java:103)
at java.base/java.lang.reflect.Method.invoke(Method.java:580)
at org.gradle.internal.dispatch.ReflectionDispatch.dispatch(ReflectionDispatch.java:36)
at org.gradle.internal.dispatch.ReflectionDispatch.dispatch(ReflectionDispatch.java:24)
at org.gradle.internal.dispatch.ContextClassLoaderDispatch.dispatch(ContextClassLoaderDispatch.java:33)
at org.gradle.internal.dispatch.ProxyDispatchAdapter$DispatchingInvocationHandler.invoke(ProxyDispatchAdapter.java:92)
at jdk.proxy1/jdk.proxy1.$Proxy4.stop(Unknown Source)
at org.gradle.api.internal.tasks.testing.worker.TestWorker$3.run(TestWorker.java:200)
at org.gradle.api.internal.tasks.testing.worker.TestWorker.executeAndMaintainThreadName(TestWorker.java:132)
at org.gradle.api.internal.tasks.testing.worker.TestWorker.execute(TestWorker.java:103)
at org.gradle.api.internal.tasks.testing.worker.TestWorker.execute(TestWorker.java:63)
at org.gradle.process.internal.worker.child.ActionExecutionWorker.execute(ActionExecutionWorker.java:56)
at org.gradle.process.internal.worker.child.SystemApplicationClassLoaderWorker.call(SystemApplicationClassLoaderWorker.java:122)
at org.gradle.process.internal.worker.child.SystemApplicationClassLoaderWorker.call(SystemApplicationClassLoaderWorker.java:72)
at worker.org.gradle.process.internal.worker.GradleWorkerMain.run(GradleWorkerMain.java:69)
at worker.org.gradle.process.internal.worker.GradleWorkerMain.main(GradleWorkerMain.java:74)
]]>
            </full-stacktrace>
          </exception> <!-- java.lang.AssertionError -->
          <reporter-output>
          </reporter-output>
        </test-method> <!-- TC_Verify_Update_Profile_Failure_With_Invalid_Phone_More_Than_10_Digits -->
        <test-method is-config="true" signature="tearDown()[pri:0, instance:testcases.accountpage.AccountPageTest@62fe6067]" started-at="2026-01-05T14:39:37 ICT" name="tearDown" finished-at="2026-01-05T14:39:37 ICT" duration-ms="106" status="PASS">
          <reporter-output>
          </reporter-output>
        </test-method> <!-- tearDown -->
        <test-method is-config="true" signature="afterMethod(org.testng.ITestResult)[pri:0, instance:testcases.accountpage.AccountPageTest@62fe6067]" started-at="2026-01-05T14:39:37 ICT" name="afterMethod" finished-at="2026-01-05T14:39:37 ICT" duration-ms="97" status="PASS">
          <params>
            <param index="0">
              <value>
                <![CDATA[[TestResult name=TC_Verify_Update_Profile_Failure_With_Invalid_Phone_More_Than_10_Digits status=FAILURE method=AccountPageTest.TC_Verify_Update_Profile_Failure_With_Invalid_Phone_More_Than_10_Digits()[pri:0, instance:testcases.accountpage.AccountPageTest@62fe6067] output={null}]]]>
              </value>
            </param>
          </params>
          <reporter-output>
          </reporter-output>
        </test-method> <!-- afterMethod -->
        <test-method is-config="true" signature="beforeMethod(org.testng.ITestResult)[pri:0, instance:testcases.accountpage.AccountPageTest@62fe6067]" started-at="2026-01-05T14:39:37 ICT" name="beforeMethod" finished-at="2026-01-05T14:39:37 ICT" duration-ms="25" status="PASS">
          <params>
            <param index="0">
              <value>
                <![CDATA[[TestResult name={null} status=CREATED method=AccountPageTest.TC_Verify_Update_Profile_Failure_With_Invalid_Phone_With_Characters()[pri:0, instance:testcases.accountpage.AccountPageTest@62fe6067] output={null}]]]>
              </value>
            </param>
          </params>
          <reporter-output>
          </reporter-output>
        </test-method> <!-- beforeMethod -->
        <test-method is-config="true" signature="setLoginPage()[pri:0, instance:testcases.accountpage.AccountPageTest@62fe6067]" started-at="2026-01-05T14:39:37 ICT" name="setLoginPage" finished-at="2026-01-05T14:39:38 ICT" duration-ms="624" status="PASS">
          <reporter-output>
          </reporter-output>
        </test-method> <!-- setLoginPage -->
        <test-method signature="TC_Verify_Update_Profile_Failure_With_Invalid_Phone_With_Characters()[pri:0, instance:testcases.accountpage.AccountPageTest@62fe6067]" started-at="2026-01-05T14:39:38 ICT" name="TC_Verify_Update_Profile_Failure_With_Invalid_Phone_With_Characters" description="TC_Verify_Update_Profile_Failure_With_Invalid_Phone_With_Characters" finished-at="2026-01-05T14:39:38 ICT" duration-ms="631" status="PASS">
          <reporter-output>
          </reporter-output>
        </test-method> <!-- TC_Verify_Update_Profile_Failure_With_Invalid_Phone_With_Characters -->
        <test-method is-config="true" signature="tearDown()[pri:0, instance:testcases.accountpage.AccountPageTest@62fe6067]" started-at="2026-01-05T14:39:38 ICT" name="tearDown" finished-at="2026-01-05T14:39:39 ICT" duration-ms="631" status="PASS">
          <reporter-output>
          </reporter-output>
        </test-method> <!-- tearDown -->
        <test-method is-config="true" signature="afterMethod(org.testng.ITestResult)[pri:0, instance:testcases.accountpage.AccountPageTest@62fe6067]" started-at="2026-01-05T14:39:39 ICT" name="afterMethod" finished-at="2026-01-05T14:39:39 ICT" duration-ms="0" status="PASS">
          <params>
            <param index="0">
              <value>
                <![CDATA[[TestResult name=TC_Verify_Update_Profile_Failure_With_Invalid_Phone_With_Characters status=SUCCESS method=AccountPageTest.TC_Verify_Update_Profile_Failure_With_Invalid_Phone_With_Characters()[pri:0, instance:testcases.accountpage.AccountPageTest@62fe6067] output={null}]]]>
              </value>
            </param>
          </params>
          <reporter-output>
          </reporter-output>
        </test-method> <!-- afterMethod -->
        <test-method is-config="true" signature="beforeMethod(org.testng.ITestResult)[pri:0, instance:testcases.accountpage.AccountPageTest@62fe6067]" started-at="2026-01-05T14:39:39 ICT" name="beforeMethod" finished-at="2026-01-05T14:39:39 ICT" duration-ms="31" status="PASS">
          <params>
            <param index="0">
              <value>
                <![CDATA[[TestResult name={null} status=CREATED method=AccountPageTest.TC_Verify_Update_Profile_Success_With_Valid_Data()[pri:0, instance:testcases.accountpage.AccountPageTest@62fe6067] output={null}]]]>
              </value>
            </param>
          </params>
          <reporter-output>
          </reporter-output>
        </test-method> <!-- beforeMethod -->
        <test-method is-config="true" signature="setLoginPage()[pri:0, instance:testcases.accountpage.AccountPageTest@62fe6067]" started-at="2026-01-05T14:39:39 ICT" name="setLoginPage" finished-at="2026-01-05T14:39:40 ICT" duration-ms="630" status="PASS">
          <reporter-output>
          </reporter-output>
        </test-method> <!-- setLoginPage -->
        <test-method signature="TC_Verify_Update_Profile_Success_With_Valid_Data()[pri:0, instance:testcases.accountpage.AccountPageTest@62fe6067]" started-at="2026-01-05T14:39:40 ICT" name="TC_Verify_Update_Profile_Success_With_Valid_Data" description="TC_Verify_Update_Profile_Success_With_Valid_Data" finished-at="2026-01-05T14:39:52 ICT" duration-ms="12510" status="FAIL">
          <exception class="java.lang.AssertionError">
            <message>
              <![CDATA[BUG: Login failed after password update]]>
            </message>
            <full-stacktrace>
              <![CDATA[java.lang.AssertionError: BUG: Login failed after password update
at org.testng.Assert.fail(Assert.java:99)
at testcases.accountpage.AccountPageTest.TC_Verify_Update_Profile_Success_With_Valid_Data(AccountPageTest.java:161)
at java.base/jdk.internal.reflect.DirectMethodHandleAccessor.invoke(DirectMethodHandleAccessor.java:103)
at java.base/java.lang.reflect.Method.invoke(Method.java:580)
at org.testng.internal.invokers.MethodInvocationHelper.invokeMethod(MethodInvocationHelper.java:141)
at org.testng.internal.invokers.TestInvoker.invokeMethod(TestInvoker.java:687)
at org.testng.internal.invokers.TestInvoker.invokeTestMethod(TestInvoker.java:230)
at org.testng.internal.invokers.MethodRunner.runInSequence(MethodRunner.java:63)
at org.testng.internal.invokers.TestInvoker$MethodInvocationAgent.invoke(TestInvoker.java:995)
at org.testng.internal.invokers.TestInvoker.invokeTestMethods(TestInvoker.java:203)
at org.testng.internal.invokers.TestMethodWorker.invokeTestMethods(TestMethodWorker.java:154)
at org.testng.internal.invokers.TestMethodWorker.run(TestMethodWorker.java:134)
at java.base/java.util.ArrayList.forEach(ArrayList.java:1596)
at org.testng.TestRunner.privateRun(TestRunner.java:741)
at org.testng.TestRunner.run(TestRunner.java:616)
at org.testng.SuiteRunner.runTest(SuiteRunner.java:421)
at org.testng.SuiteRunner.runSequentially(SuiteRunner.java:413)
at org.testng.SuiteRunner.privateRun(SuiteRunner.java:373)
at org.testng.SuiteRunner.run(SuiteRunner.java:312)
at org.testng.SuiteRunnerWorker.runSuite(SuiteRunnerWorker.java:52)
at org.testng.SuiteRunnerWorker.run(SuiteRunnerWorker.java:95)
at org.testng.TestNG.runSuitesSequentially(TestNG.java:1274)
at org.testng.TestNG.runSuitesLocally(TestNG.java:1208)
at org.testng.TestNG.runSuites(TestNG.java:1112)
at org.testng.TestNG.run(TestNG.java:1079)
at org.gradle.api.internal.tasks.testing.testng.TestNGTestClassProcessor.runTests(TestNGTestClassProcessor.java:153)
at org.gradle.api.internal.tasks.testing.testng.TestNGTestClassProcessor.stop(TestNGTestClassProcessor.java:95)
at org.gradle.api.internal.tasks.testing.SuiteTestClassProcessor.stop(SuiteTestClassProcessor.java:63)
at java.base/jdk.internal.reflect.DirectMethodHandleAccessor.invoke(DirectMethodHandleAccessor.java:103)
at java.base/java.lang.reflect.Method.invoke(Method.java:580)
at org.gradle.internal.dispatch.ReflectionDispatch.dispatch(ReflectionDispatch.java:36)
at org.gradle.internal.dispatch.ReflectionDispatch.dispatch(ReflectionDispatch.java:24)
at org.gradle.internal.dispatch.ContextClassLoaderDispatch.dispatch(ContextClassLoaderDispatch.java:33)
at org.gradle.internal.dispatch.ProxyDispatchAdapter$DispatchingInvocationHandler.invoke(ProxyDispatchAdapter.java:92)
at jdk.proxy1/jdk.proxy1.$Proxy4.stop(Unknown Source)
at org.gradle.api.internal.tasks.testing.worker.TestWorker$3.run(TestWorker.java:200)
at org.gradle.api.internal.tasks.testing.worker.TestWorker.executeAndMaintainThreadName(TestWorker.java:132)
at org.gradle.api.internal.tasks.testing.worker.TestWorker.execute(TestWorker.java:103)
at org.gradle.api.internal.tasks.testing.worker.TestWorker.execute(TestWorker.java:63)
at org.gradle.process.internal.worker.child.ActionExecutionWorker.execute(ActionExecutionWorker.java:56)
at org.gradle.process.internal.worker.child.SystemApplicationClassLoaderWorker.call(SystemApplicationClassLoaderWorker.java:122)
at org.gradle.process.internal.worker.child.SystemApplicationClassLoaderWorker.call(SystemApplicationClassLoaderWorker.java:72)
at worker.org.gradle.process.internal.worker.GradleWorkerMain.run(GradleWorkerMain.java:69)
at worker.org.gradle.process.internal.worker.GradleWorkerMain.main(GradleWorkerMain.java:74)
Caused by: org.openqa.selenium.TimeoutException: Expected condition failed: waiting for visibility of element located by By.id: swal2-title (tried for 10 second(s) with 500 milliseconds interval)
Build info: version: '4.35.0', revision: '1c58e5028b'
System info: os.name: 'Mac OS X', os.arch: 'aarch64', os.version: '15.7.2', java.version: '21.0.8'
Driver info: org.openqa.selenium.chrome.ChromeDriver
Capabilities {acceptInsecureCerts: false, browserName: chrome, browserVersion: 143.0.7499.170, chrome: {chromedriverVersion: 143.0.7499.169 (164b20aab62..., userDataDir: /var/folders/2x/c_66mg6d27s...}, fedcm:accounts: true, goog:chromeOptions: {debuggerAddress: localhost:57397}, goog:processID: 44954, networkConnectionEnabled: false, pageLoadStrategy: normal, platformName: mac, proxy: Proxy(), se:cdp: ws://localhost:57397/devtoo..., se:cdpVersion: 143.0.7499.170, setWindowRect: true, strictFileInteractability: false, timeouts: {implicit: 0, pageLoad: 300000, script: 30000}, unhandledPromptBehavior: dismiss and notify, webauthn:extension:credBlob: true, webauthn:extension:largeBlob: true, webauthn:extension:minPinLength: true, webauthn:extension:prf: true, webauthn:virtualAuthenticators: true}
Session ID: 00c3cb723dd8e7c7a3af1930cd00e0ed
at org.openqa.selenium.support.ui.WebDriverWait.timeoutException(WebDriverWait.java:84)
at org.openqa.selenium.support.ui.FluentWait.until(FluentWait.java:228)
at base.BasePage.waitForVisibilityOfElementLocated(BasePage.java:24)
at base.BasePage.getText(BasePage.java:71)
at base.BasePage.getText(BasePage.java:76)
at pages.LoginPage.getLoginMsg(LoginPage.java:43)
at testcases.accountpage.AccountPageTest.TC_Verify_Update_Profile_Success_With_Valid_Data(AccountPageTest.java:151)
... 42 more
]]>
            </full-stacktrace>
          </exception> <!-- java.lang.AssertionError -->
          <reporter-output>
          </reporter-output>
        </test-method> <!-- TC_Verify_Update_Profile_Success_With_Valid_Data -->
        <test-method is-config="true" signature="tearDown()[pri:0, instance:testcases.accountpage.AccountPageTest@62fe6067]" started-at="2026-01-05T14:39:53 ICT" name="tearDown" finished-at="2026-01-05T14:40:03 ICT" duration-ms="10264" status="PASS">
          <reporter-output>
          </reporter-output>
        </test-method> <!-- tearDown -->
        <test-method is-config="true" signature="afterMethod(org.testng.ITestResult)[pri:0, instance:testcases.accountpage.AccountPageTest@62fe6067]" started-at="2026-01-05T14:40:03 ICT" name="afterMethod" finished-at="2026-01-05T14:40:03 ICT" duration-ms="502" status="PASS">
          <params>
            <param index="0">
              <value>
                <![CDATA[[TestResult name=TC_Verify_Update_Profile_Success_With_Valid_Data status=FAILURE method=AccountPageTest.TC_Verify_Update_Profile_Success_With_Valid_Data()[pri:0, instance:testcases.accountpage.AccountPageTest@62fe6067] output={null}]]]>
              </value>
            </param>
          </params>
          <reporter-output>
          </reporter-output>
        </test-method> <!-- afterMethod -->
        <test-method is-config="true" signature="afterClass()[pri:0, instance:testcases.accountpage.AccountPageTest@62fe6067]" started-at="2026-01-05T14:40:03 ICT" name="afterClass" finished-at="2026-01-05T14:40:03 ICT" duration-ms="87" status="PASS">
          <reporter-output>
          </reporter-output>
        </test-method> <!-- afterClass -->
        <test-method is-config="true" signature="afterSuite()[pri:0, instance:testcases.accountpage.AccountPageTest@62fe6067]" started-at="2026-01-05T14:40:03 ICT" name="afterSuite" finished-at="2026-01-05T14:40:03 ICT" duration-ms="84" status="PASS">
          <reporter-output>
          </reporter-output>
        </test-method> <!-- afterSuite -->
      </class> <!-- testcases.accountpage.AccountPageTest -->
    </test> <!-- Gradle test -->
  </suite> <!-- Gradle suite -->
</testng-results>
